<?xml version="1.0" encoding="UTF-8"?>
<!-- Generated by org.testng.reporters.JUnitXMLReporter -->
<testsuite ignored="0" hostname="DESKTOP-3A7BKLK" failures="0" tests="9" name="Default test" time="98.168" errors="0" timestamp="05 Oct 2022 16:32:32 GMT">
  <testcase classname="SpringTest.SpringProjectTestClass" name="AddEmployeeName" time="10.3"/>
  <testcase classname="SpringTest.SpringProjectTestClass" name="EmployeeAge" time="8.526"/>
  <testcase classname="SpringTest.SpringProjectTestClass" name="Employeesalary" time="13.421"/>
  <testcase classname="SpringTest.SpringProjectTestClass" name="EmployeeAddress" time="12.599"/>
  <testcase classname="SpringTest.SpringProjectTestClass" name="AddNameAndAge" time="9.475"/>
  <testcase classname="SpringTest.SpringProjectTestClass" name="AddNameAndSalary" time="12.518"/>
  <testcase classname="SpringTest.SpringProjectTestClass" name="AddAgeAndAddress" time="9.415"/>
  <testcase classname="SpringTest.SpringProjectTestClass" name="AddNamaAndAddress" time="9.63"/>
  <testcase classname="SpringTest.SpringProjectTestClass" name="AddAllCredentials" time="9.755"/>
</testsuite> <!-- Default test -->
